# JRE version: Java(TM) SE Runtime Environment (8.0_131-b11) (build 1.8.0_131-b11)
# Java VM: Java HotSpot(TM) 64-Bit Server VM (25.131-b11 mixed mode bsd-amd64 compressed oops)
Heap:
 PSYoungGen      total 3584K, used 2048K [0x00000007bfb00000, 0x00000007c0000000, 0x00000007c0000000)
  eden space 2048K, 100% used [0x00000007bfb00000,0x00000007bfd00000,0x00000007bfd00000)
  from space 1536K, 0% used [0x00000007bfd00000,0x00000007bfd00000,0x00000007bfe80000)
  to   space 1536K, 0% used [0x00000007bfe80000,0x00000007bfe80000,0x00000007c0000000)
 ParOldGen       total 11264K, used 11263K [0x00000007bf000000, 0x00000007bfb00000, 0x00000007bfb00000)
  object space 11264K, 99% used [0x00000007bf000000,0x00000007bfaffff8,0x00000007bfb00000)
 Metaspace       used 9065K, capacity 9282K, committed 9344K, reserved 1056768K
  class space    used 1054K, capacity 1111K, committed 1152K, reserved 1048576K
GC Heap History (10 events):
Event: 55.376 GC heap before
{Heap before GC invocations=699 (full 688):
 PSYoungGen      total 3584K, used 2048K [0x00000007bfb00000, 0x00000007c0000000, 0x00000007c0000000)
  eden space 2048K, 100% used [0x00000007bfb00000,0x00000007bfd00000,0x00000007bfd00000)
  from space 1536K, 0% used [0x00000007bfd00000,0x00000007bfd00000,0x00000007bfe80000)
  to   space 1536K, 0% used [0x00000007bfe80000,0x00000007bfe80000,0x00000007c0000000)
 ParOldGen       total 11264K, used 11263K [0x00000007bf000000, 0x00000007bfb00000, 0x00000007bfb00000)
  object space 11264K, 99% used [0x00000007bf000000,0x00000007bfafffe0,0x00000007bfb00000)
 Metaspace       used 9065K, capacity 9282K, committed 9344K, reserved 1056768K
  class space    used 1054K, capacity 1111K, committed 1152K, reserved 1048576K
Event: 55.425 GC heap after
Heap after GC invocations=699 (full 688):
 PSYoungGen      total 3584K, used 2048K [0x00000007bfb00000, 0x00000007c0000000, 0x00000007c0000000)
  eden space 2048K, 100% used [0x00000007bfb00000,0x00000007bfd00000,0x00000007bfd00000)
  from space 1536K, 0% used [0x00000007bfd00000,0x00000007bfd00000,0x00000007bfe80000)
  to   space 1536K, 0% used [0x00000007bfe80000,0x00000007bfe80000,0x00000007c0000000)
 ParOldGen       total 11264K, used 11263K [0x00000007bf000000, 0x00000007bfb00000, 0x00000007bfb00000)
  object space 11264K, 99% used [0x00000007bf000000,0x00000007bfafffe0,0x00000007bfb00000)
 Metaspace       used 9065K, capacity 9282K, committed 9344K, reserved 1056768K
  class space    used 1054K, capacity 1111K, committed 1152K, reserved 1048576K
}
Event: 55.426 GC heap before
{Heap before GC invocations=700 (full 689):
 PSYoungGen      total 3584K, used 2048K [0x00000007bfb00000, 0x00000007c0000000, 0x00000007c0000000)
  eden space 2048K, 100% used [0x00000007bfb00000,0x00000007bfd00000,0x00000007bfd00000)
  from space 1536K, 0% used [0x00000007bfd00000,0x00000007bfd00000,0x00000007bfe80000)
  to   space 1536K, 0% used [0x00000007bfe80000,0x00000007bfe80000,0x00000007c0000000)
 ParOldGen       total 11264K, used 11263K [0x00000007bf000000, 0x00000007bfb00000, 0x00000007bfb00000)
  object space 11264K, 99% used [0x00000007bf000000,0x00000007bfaffff8,0x00000007bfb00000)
 Metaspace       used 9065K, capacity 9282K, committed 9344K, reserved 1056768K
  class space    used 1054K, capacity 1111K, committed 1152K, reserved 1048576K
Event: 55.481 GC heap after
Heap after GC invocations=700 (full 689):
 PSYoungGen      total 3584K, used 2048K [0x00000007bfb00000, 0x00000007c0000000, 0x00000007c0000000)
  eden space 2048K, 100% used [0x00000007bfb00000,0x00000007bfd00000,0x00000007bfd00000)
  from space 1536K, 0% used [0x00000007bfd00000,0x00000007bfd00000,0x00000007bfe80000)
  to   space 1536K, 0% used [0x00000007bfe80000,0x00000007bfe80000,0x00000007c0000000)
 ParOldGen       total 11264K, used 11263K [0x00000007bf000000, 0x00000007bfb00000, 0x00000007bfb00000)
  object space 11264K, 99% used [0x00000007bf000000,0x00000007bfaffff8,0x00000007bfb00000)
 Metaspace       used 9065K, capacity 9282K, committed 9344K, reserved 1056768K
  class space    used 1054K, capacity 1111K, committed 1152K, reserved 1048576K
}
Event: 55.481 GC heap before
{Heap before GC invocations=701 (full 690):
 PSYoungGen      total 3584K, used 2048K [0x00000007bfb00000, 0x00000007c0000000, 0x00000007c0000000)
  eden space 2048K, 100% used [0x00000007bfb00000,0x00000007bfd00000,0x00000007bfd00000)
  from space 1536K, 0% used [0x00000007bfd00000,0x00000007bfd00000,0x00000007bfe80000)
  to   space 1536K, 0% used [0x00000007bfe80000,0x00000007bfe80000,0x00000007c0000000)
 ParOldGen       total 11264K, used 11263K [0x00000007bf000000, 0x00000007bfb00000, 0x00000007bfb00000)
  object space 11264K, 99% used [0x00000007bf000000,0x00000007bfaffff8,0x00000007bfb00000)
 Metaspace       used 9065K, capacity 9282K, committed 9344K, reserved 1056768K
  class space    used 1054K, capacity 1111K, committed 1152K, reserved 1048576K
Event: 55.525 GC heap after
Heap after GC invocations=701 (full 690):
 PSYoungGen      total 3584K, used 2048K [0x00000007bfb00000, 0x00000007c0000000, 0x00000007c0000000)
  eden space 2048K, 100% used [0x00000007bfb00000,0x00000007bfd00000,0x00000007bfd00000)
  from space 1536K, 0% used [0x00000007bfd00000,0x00000007bfd00000,0x00000007bfe80000)
  to   space 1536K, 0% used [0x00000007bfe80000,0x00000007bfe80000,0x00000007c0000000)
 ParOldGen       total 11264K, used 11263K [0x00000007bf000000, 0x00000007bfb00000, 0x00000007bfb00000)
  object space 11264K, 99% used [0x00000007bf000000,0x00000007bfaffff8,0x00000007bfb00000)
 Metaspace       used 9065K, capacity 9282K, committed 9344K, reserved 1056768K
  class space    used 1054K, capacity 1111K, committed 1152K, reserved 1048576K
}
Event: 55.525 GC heap before
{Heap before GC invocations=702 (full 691):
 PSYoungGen      total 3584K, used 2048K [0x00000007bfb00000, 0x00000007c0000000, 0x00000007c0000000)
  eden space 2048K, 100% used [0x00000007bfb00000,0x00000007bfd00000,0x00000007bfd00000)
  from space 1536K, 0% used [0x00000007bfd00000,0x00000007bfd00000,0x00000007bfe80000)
  to   space 1536K, 0% used [0x00000007bfe80000,0x00000007bfe80000,0x00000007c0000000)
 ParOldGen       total 11264K, used 11263K [0x00000007bf000000, 0x00000007bfb00000, 0x00000007bfb00000)
  object space 11264K, 99% used [0x00000007bf000000,0x00000007bfaffff8,0x00000007bfb00000)
 Metaspace       used 9065K, capacity 9282K, committed 9344K, reserved 1056768K
  class space    used 1054K, capacity 1111K, committed 1152K, reserved 1048576K
Event: 55.571 GC heap after
Heap after GC invocations=702 (full 691):
 PSYoungGen      total 3584K, used 2048K [0x00000007bfb00000, 0x00000007c0000000, 0x00000007c0000000)
  eden space 2048K, 100% used [0x00000007bfb00000,0x00000007bfd00000,0x00000007bfd00000)
  from space 1536K, 0% used [0x00000007bfd00000,0x00000007bfd00000,0x00000007bfe80000)
  to   space 1536K, 0% used [0x00000007bfe80000,0x00000007bfe80000,0x00000007c0000000)
 ParOldGen       total 11264K, used 11263K [0x00000007bf000000, 0x00000007bfb00000, 0x00000007bfb00000)
  object space 11264K, 99% used [0x00000007bf000000,0x00000007bfaffff8,0x00000007bfb00000)
 Metaspace       used 9065K, capacity 9282K, committed 9344K, reserved 1056768K
  class space    used 1054K, capacity 1111K, committed 1152K, reserved 1048576K
}
Event: 55.571 GC heap before
{Heap before GC invocations=703 (full 692):
 PSYoungGen      total 3584K, used 2048K [0x00000007bfb00000, 0x00000007c0000000, 0x00000007c0000000)
  eden space 2048K, 100% used [0x00000007bfb00000,0x00000007bfd00000,0x00000007bfd00000)
  from space 1536K, 0% used [0x00000007bfd00000,0x00000007bfd00000,0x00000007bfe80000)
  to   space 1536K, 0% used [0x00000007bfe80000,0x00000007bfe80000,0x00000007c0000000)
 ParOldGen       total 11264K, used 11263K [0x00000007bf000000, 0x00000007bfb00000, 0x00000007bfb00000)
  object space 11264K, 99% used [0x00000007bf000000,0x00000007bfaffff8,0x00000007bfb00000)
 Metaspace       used 9065K, capacity 9282K, committed 9344K, reserved 1056768K
  class space    used 1054K, capacity 1111K, committed 1152K, reserved 1048576K
Event: 55.614 GC heap after
Heap after GC invocations=703 (full 692):
 PSYoungGen      total 3584K, used 2048K [0x00000007bfb00000, 0x00000007c0000000, 0x00000007c0000000)
  eden space 2048K, 100% used [0x00000007bfb00000,0x00000007bfd00000,0x00000007bfd00000)
  from space 1536K, 0% used [0x00000007bfd00000,0x00000007bfd00000,0x00000007bfe80000)
  to   space 1536K, 0% used [0x00000007bfe80000,0x00000007bfe80000,0x00000007c0000000)
 ParOldGen       total 11264K, used 11263K [0x00000007bf000000, 0x00000007bfb00000, 0x00000007bfb00000)
  object space 11264K, 99% used [0x00000007bf000000,0x00000007bfaffff8,0x00000007bfb00000)
 Metaspace       used 9065K, capacity 9282K, committed 9344K, reserved 1056768K
  class space    used 1054K, capacity 1111K, committed 1152K, reserved 1048576K
}

